-------------------------------------------------------------------------------
Test set: com.author.AuthorApplicationTests
-------------------------------------------------------------------------------
Tests run: 1, Failures: 0, Errors: 1, Skipped: 0, Time elapsed: 0.365 s <<< FAILURE! - in com.author.AuthorApplicationTests
com.author.AuthorApplicationTests  Time elapsed: 0.363 s  <<< ERROR!
java.lang.IllegalStateException: Unable to find a @SpringBootConfiguration, you need to use @ContextConfiguration or @SpringBootTest(classes=...) with your test

